0 2 0 17
0 2 17 119
1 2 4084 4277
0 2 119 149
0 2 149 296
0 1 4084 4093
0 2 296 442
0 2 442 537
0 2 537 587
0 2 587 624
0 2 624 637
0 1 4093 4142
0 2 637 819
0 1 4142 4389
1 2 4277 4406
0 2 819 908
0 2 908 1004
0 1 4389 4410
0 2 1004 1048
0 2 1048 1355
1 2 4406 4517
0 2 1355 1420
0 1 4410 4485
0 2 1420 1451
0 1 4485 4780
1 2 4517 4544
1 2 4544 4651
1 2 4651 4976
0 1 4780 5023
1 2 4976 5045
0 1 5023 5134
1 2 5045 5070
1 2 5070 5209
0 1 5134 5393
1 2 5209 5244
0 2 1451 1503
0 2 1503 1607
0 2 1607 1714
1 2 5244 5627
0 2 1714 1756
0 2 1756 1774
0 1 5393 5458
0 1 5458 6075
0 2 1774 1853
0 2 1853 1868
0 2 1868 1956
1 2 5627 5722
1 2 5722 5825
0 2 1956 2074
1 2 5825 5948
1 2 5948 6019
0 2 2074 2536
1 2 6019 6644
0 2 2536 2765
0 1 6075 6638
0 1 6638 6639
0 1 6639 7038
0 2 2765 2944
1 2 6644 7229
0 2 2944 3195
0 1 7038 7667
1 2 7229 7258
1 2 7258 7265
0 2 3195 3204
1 2 7265 8344
0 2 3204 3258
0 1 7667 8030
0 1 8030 8173
0 1 8173 8280
0 2 3258 3264
0 1 8280 8503
0 2 3264 3310
1 2 8344 8405
1 2 8405 8906
0 2 3310 3453
0 1 8503 8832
0 1 8832 8841
0 2 3453 3541
0 1 8841 8970
0 2 3541 3573
0 2 3573 3585
0 2 3585 3714
1 2 8906 8913
0 2 3714 3734
0 2 3734 3751
1 2 8913 8986
0 1 8970 9395
1 2 8986 9251
1 2 9251 9380
0 2 3751 3842
1 2 9380 9451
0 2 3842 3979
0 2 3979 3992
0 1 9395 9478
1 2 9451 9458
1 2 9458 10000
0 1 9478 9619
0 2 3992 4041
0 2 4041 4069
0 2 4069 4084
