0 1 131071 131072
1 3 131071 131072
3 7 131071 131072
7 15 131071 131072
15 31 131071 131072
31 63 131071 131072
63 127 131071 131072
127 255 131071 131072
255 511 131071 131072
511 1023 131071 131072
1023 2047 131071 131072
2047 4095 131071 131072
0 4096 0 1
0 4096 1 3
0 4096 3 7
0 4096 7 15
0 4096 15 31
0 4096 31 63
0 4096 63 127
0 4096 127 255
0 4096 255 511
0 4096 511 1023
0 4096 1023 2047
0 4096 2047 4095
0 4096 4095 8191
0 4096 8191 16383
0 4096 16383 32767
0 4096 32767 65535
0 4096 65535 131071
4095 4096 131071 131072
